URI: http://localhost:3000/v1/movies
HEADERS: {"Host":["localhost"],"User-Agent":["insomnia\/2023.5.8"],"Content-Type":["application\/json"],"Accept":["*\/*"],"Content-Length":["233"]}
BODY: {
	"title": "Stud Tribe",
	"year": 2023,
	"released": 2012,
	"runtime": "2 hours",
	"genre": "comedy",
	"director": "Apple",
	"actors": "Apple, Daniel, Genie",
	"country": "Nigeria",
	"poster": "Nil",
	"imdb": "Nil",
	"type": "Nil"
}


URI: http://localhost:3000/v1/movies
HEADERS: {"Host":["localhost"],"User-Agent":["insomnia\/2023.5.8"],"Content-Type":["application\/json"],"Accept":["*\/*"],"Content-Length":["233"]}
BODY: {
	"title": "Stud Tribe",
	"year": 2023,
	"released": 2012,
	"runtime": "2 hours",
	"genre": "comedy",
	"director": "Apple",
	"actors": "Apple, Daniel, Genie",
	"country": "Nigeria",
	"poster": "Nil",
	"imdb": "Nil",
	"type": "Nil"
}


