STATUS CODE: 200
HEADERS: {"Content-Type":["application\/json"]}
BODY: {
    "status": 201,
    "message": "Movie added successfully"
}


STATUS CODE: 200
HEADERS: {"Content-Type":["application\/json"]}
BODY: [
    {
        "id": 52,
        "title": "distinctio magni",
        "year": "1980",
        "released": "0000-00-00",
        "runtime": "254",
        "genre": "itaque",
        "director": "Jerel Price",
        "actors": "Prof. Jerrell VonRueden Sr., Flo Kshlerin, Maeve Hane",
        "country": "Comoros",
        "poster": "http:\/\/lorempixel.com\/200\/150\/?54056",
        "imdb": "6.7",
        "type": "sequi",
        "created_at": "2023-09-17 20:56:08",
        "updated_at": "2023-09-17 20:56:08"
    },
    {
        "id": 53,
        "title": "sapiente et",
        "year": "1970",
        "released": "0000-00-00",
        "runtime": "89",
        "genre": "consequatur",
        "director": "Mason Hills",
        "actors": "Brooke West, Monique Pfannerstill, Amber Mosciski II",
        "country": "Monaco",
        "poster": "http:\/\/lorempixel.com\/200\/150\/?39033",
        "imdb": "2.8",
        "type": "accusantium",
        "created_at": "2023-09-17 20:56:08",
        "updated_at": "2023-09-17 20:56:08"
    },
    {
        "id": 54,
        "title": "rerum odit",
        "year": "1998",
        "released": "0000-00-00",
        "runtime": "30",
        "genre": "architecto",
        "director": "Marie Schneider I",
        "actors": "Mrs. Virginie Blanda V, Kurt White, Ray Glover",
        "country": "Myanmar",
        "poster": "http:\/\/lorempixel.com\/200\/150\/?62516",
        "imdb": "7.5",
        "type": "voluptas",
        "created_at": "2023-09-17 20:56:08",
        "updated_at": "2023-09-17 20:56:08"
    },
    {
        "id": 55,
        "title": "quas consequatur",
        "year": "1990",
        "released": "0000-00-00",
        "runtime": "245",
        "genre": "nesciunt",
        "director": "Ms. Amara Klocko",
        "actors": "Prof. Odell Batz Jr., Domenick Ritchie, Deangelo Tillman II",
        "country": "Spain",
        "poster": "http:\/\/lorempixel.com\/200\/150\/?41729",
        "imdb": "4.4",
        "type": "et",
        "created_at": "2023-09-17 20:56:08",
        "updated_at": "2023-09-17 20:56:08"
    },
    {
        "id": 56,
        "title": "libero veniam",
        "year": "1985",
        "released": "0000-00-00",
        "runtime": "64",
        "genre": "libero",
        "director": "Ms. Mia Hirthe DVM",
        "actors": "Dr. Immanuel Reichel DDS, Zola Bogan, Keanu Lesch",
        "country": "Nepal",
        "poster": "http:\/\/lorempixel.com\/200\/150\/?73731",
        "imdb": "7.5",
        "type": "qui",
        "created_at": "2023-09-17 20:56:08",
        "updated_at": "2023-09-17 20:56:08"
    },
    {
        "id": 57,
        "title": "ut qui",
        "year": "1978",
        "released": "0000-00-00",
        "runtime": "264",
        "genre": "inventore",
        "director": "Della Wolff III",
        "actors": "Dr. Irwin Cronin, Helen Bradtke DDS, Hallie Hoppe",
        "country": "Korea",
        "poster": "http:\/\/lorempixel.com\/200\/150\/?34524",
        "imdb": "1.4",
        "type": "quo",
        "created_at": "2023-09-17 20:56:08",
        "updated_at": "2023-09-17 20:56:08"
    },
    {
        "id": 58,
        "title": "nisi asperiores",
        "year": "2022",
        "released": "0000-00-00",
        "runtime": "191",
        "genre": "eveniet",
        "director": "Brooke Muller PhD",
        "actors": "Norberto Johns, Tony Turner, Shanie Hermann PhD",
        "country": "Bahamas",
        "poster": "http:\/\/lorempixel.com\/200\/150\/?88729",
        "imdb": "9.5",
        "type": "non",
        "created_at": "2023-09-17 20:56:08",
        "updated_at": "2023-09-17 20:56:08"
    },
    {
        "id": 59,
        "title": "harum dolorem",
        "year": "1984",
        "released": "0000-00-00",
        "runtime": "55",
        "genre": "odit",
        "director": "Merle Brown II",
        "actors": "Lavon Yost I, Dr. Jensen Pfeffer, Craig Gibson DVM",
        "country": "Wallis and Futuna",
        "poster": "http:\/\/lorempixel.com\/200\/150\/?65321",
        "imdb": "7.6",
        "type": "et",
        "created_at": "2023-09-17 20:56:08",
        "updated_at": "2023-09-17 20:56:08"
    },
    {
        "id": 60,
        "title": "earum nam",
        "year": "1976",
        "released": "0000-00-00",
        "runtime": "58",
        "genre": "praesentium",
        "director": "Gerardo Waelchi",
        "actors": "Garfield Ernser, Dr. Kristopher Upton, Clinton Kautzer DVM",
        "country": "Saint Pierre and Miquelon",
        "poster": "http:\/\/lorempixel.com\/200\/150\/?52357",
        "imdb": "3.5",
        "type": "temporibus",
        "created_at": "2023-09-17 20:56:08",
        "updated_at": "2023-09-17 20:56:08"
    },
    {
        "id": 61,
        "title": "rerum sit",
        "year": "1988",
        "released": "0000-00-00",
        "runtime": "93",
        "genre": "vero",
        "director": "Tristian Blanda MD",
        "actors": "Justice Bednar, Anabelle Stark II, Laurie Crona",
        "country": "Germany",
        "poster": "http:\/\/lorempixel.com\/200\/150\/?37539",
        "imdb": "3.3",
        "type": "ex",
        "created_at": "2023-09-17 20:56:08",
        "updated_at": "2023-09-17 20:56:08"
    },
    {
        "id": 62,
        "title": "non reprehenderit",
        "year": "2001",
        "released": "0000-00-00",
        "runtime": "93",
        "genre": "qui",
        "director": "Arnulfo Marvin",
        "actors": "Stephen Schaden, Prof. Ofelia Hartmann, Lisette Champlin",
        "country": "Comoros",
        "poster": "http:\/\/lorempixel.com\/200\/150\/?71048",
        "imdb": "4.6",
        "type": "rerum",
        "created_at": "2023-09-17 20:56:08",
        "updated_at": "2023-09-17 20:56:08"
    },
    {
        "id": 63,
        "title": "enim dolorum",
        "year": "1986",
        "released": "0000-00-00",
        "runtime": "180",
        "genre": "illo",
        "director": "Florence Schmeler",
        "actors": "Clark Purdy, Elena Gibson, Gail Kihn",
        "country": "Tanzania",
        "poster": "http:\/\/lorempixel.com\/200\/150\/?22870",
        "imdb": "9.9",
        "type": "inventore",
        "created_at": "2023-09-17 20:56:08",
        "updated_at": "2023-09-17 20:56:08"
    },
    {
        "id": 64,
        "title": "voluptatem repellendus",
        "year": "1973",
        "released": "0000-00-00",
        "runtime": "52",
        "genre": "rerum",
        "director": "Percy Ebert I",
        "actors": "Camylle Volkman, Mr. Tyreek Bechtelar Sr., Marianna Huel",
        "country": "Madagascar",
        "poster": "http:\/\/lorempixel.com\/200\/150\/?89476",
        "imdb": "9.4",
        "type": "ut",
        "created_at": "2023-09-17 20:56:08",
        "updated_at": "2023-09-17 20:56:08"
    },
    {
        "id": 65,
        "title": "aut voluptas",
        "year": "1990",
        "released": "0000-00-00",
        "runtime": "195",
        "genre": "adipisci",
        "director": "Antonina Graham",
        "actors": "Mr. Trevor Runolfsdottir, Keara Smitham, Rollin Parker",
        "country": "Luxembourg",
        "poster": "http:\/\/lorempixel.com\/200\/150\/?62139",
        "imdb": "1.3",
        "type": "et",
        "created_at": "2023-09-17 20:56:08",
        "updated_at": "2023-09-17 20:56:08"
    },
    {
        "id": 66,
        "title": "fugit tenetur",
        "year": "1996",
        "released": "0000-00-00",
        "runtime": "275",
        "genre": "et",
        "director": "Remington Herzog",
        "actors": "Tamia Beer PhD, Toni Steuber, Gabe Stokes",
        "country": "New Caledonia",
        "poster": "http:\/\/lorempixel.com\/200\/150\/?42277",
        "imdb": "6.8",
        "type": "saepe",
        "created_at": "2023-09-17 20:56:08",
        "updated_at": "2023-09-17 20:56:08"
    },
    {
        "id": 67,
        "title": "dignissimos asperiores",
        "year": "1993",
        "released": "0000-00-00",
        "runtime": "167",
        "genre": "explicabo",
        "director": "Ladarius Braun PhD",
        "actors": "Elyse Jerde, Bernhard McGlynn, Linnea Heller MD",
        "country": "Equatorial Guinea",
        "poster": "http:\/\/lorempixel.com\/200\/150\/?68498",
        "imdb": "6.7",
        "type": "enim",
        "created_at": "2023-09-17 20:56:08",
        "updated_at": "2023-09-17 20:56:08"
    },
    {
        "id": 68,
        "title": "sapiente sapiente",
        "year": "1970",
        "released": "0000-00-00",
        "runtime": "142",
        "genre": "nulla",
        "director": "Laila Cronin",
        "actors": "Davonte Gulgowski, Gregoria Murphy, Prof. Gaylord Casper",
        "country": "Chile",
        "poster": "http:\/\/lorempixel.com\/200\/150\/?40602",
        "imdb": "10.0",
        "type": "quos",
        "created_at": "2023-09-17 20:56:08",
        "updated_at": "2023-09-17 20:56:08"
    },
    {
        "id": 69,
        "title": "ullam aut",
        "year": "1982",
        "released": "0000-00-00",
        "runtime": "49",
        "genre": "aut",
        "director": "Travon Bauch",
        "actors": "Dr. Sandra Funk, Maverick Dach, Mr. Arden Ondricka",
        "country": "Bulgaria",
        "poster": "http:\/\/lorempixel.com\/200\/150\/?79364",
        "imdb": "6.8",
        "type": "error",
        "created_at": "2023-09-17 20:56:08",
        "updated_at": "2023-09-17 20:56:08"
    },
    {
        "id": 70,
        "title": "nostrum eius",
        "year": "2017",
        "released": "0000-00-00",
        "runtime": "146",
        "genre": "sapiente",
        "director": "Dr. Coby Dietrich Sr.",
        "actors": "Jayda O'Keefe, Rosalind Ruecker, Dr. Idell Cronin",
        "country": "Italy",
        "poster": "http:\/\/lorempixel.com\/200\/150\/?43826",
        "imdb": "7.8",
        "type": "eos",
        "created_at": "2023-09-17 20:56:08",
        "updated_at": "2023-09-17 20:56:08"
    },
    {
        "id": 71,
        "title": "odit enim",
        "year": "1990",
        "released": "0000-00-00",
        "runtime": "276",
        "genre": "sit",
        "director": "Rosie Huels",
        "actors": "Theresa Stokes, Gavin Terry IV, Prof. Antoinette Rempel DVM",
        "country": "Belgium",
        "poster": "http:\/\/lorempixel.com\/200\/150\/?87379",
        "imdb": "7.1",
        "type": "dolorem",
        "created_at": "2023-09-17 20:56:08",
        "updated_at": "2023-09-17 20:56:08"
    },
    {
        "id": 72,
        "title": "ipsum consequatur",
        "year": "1973",
        "released": "0000-00-00",
        "runtime": "267",
        "genre": "omnis",
        "director": "Mr. Markus Pacocha DDS",
        "actors": "Isadore Jaskolski, Miguel Hettinger, Tiffany Jaskolski",
        "country": "Andorra",
        "poster": "http:\/\/lorempixel.com\/200\/150\/?29877",
        "imdb": "2.6",
        "type": "minima",
        "created_at": "2023-09-17 20:56:08",
        "updated_at": "2023-09-17 20:56:08"
    },
    {
        "id": 73,
        "title": "officiis perspiciatis",
        "year": "2012",
        "released": "0000-00-00",
        "runtime": "30",
        "genre": "sint",
        "director": "Otha Simonis",
        "actors": "Isabella Tromp, Sebastian Ondricka, Modesta Hilll",
        "country": "Reunion",
        "poster": "http:\/\/lorempixel.com\/200\/150\/?56554",
        "imdb": "1.0",
        "type": "modi",
        "created_at": "2023-09-17 20:56:08",
        "updated_at": "2023-09-17 20:56:08"
    },
    {
        "id": 74,
        "title": "id sunt",
        "year": "1987",
        "released": "0000-00-00",
        "runtime": "208",
        "genre": "et",
        "director": "Ashleigh Bartoletti",
        "actors": "Merl Streich IV, Prof. Colin Marquardt Sr., Dr. Benedict O'Reilly",
        "country": "Guyana",
        "poster": "http:\/\/lorempixel.com\/200\/150\/?88341",
        "imdb": "4.3",
        "type": "reiciendis",
        "created_at": "2023-09-17 20:56:08",
        "updated_at": "2023-09-17 20:56:08"
    },
    {
        "id": 75,
        "title": "excepturi qui",
        "year": "1993",
        "released": "0000-00-00",
        "runtime": "144",
        "genre": "itaque",
        "director": "Jaylon Bechtelar",
        "actors": "Lorena Conn, Ms. Gina Botsford, Broderick Corkery",
        "country": "Western Sahara",
        "poster": "http:\/\/lorempixel.com\/200\/150\/?36589",
        "imdb": "3.8",
        "type": "voluptate",
        "created_at": "2023-09-17 20:56:08",
        "updated_at": "2023-09-17 20:56:08"
    },
    {
        "id": 76,
        "title": "dolores exercitationem",
        "year": "1999",
        "released": "0000-00-00",
        "runtime": "165",
        "genre": "vero",
        "director": "Brent Grant",
        "actors": "Toni Kuhlman II, Amie Heidenreich, Felton Friesen",
        "country": "Qatar",
        "poster": "http:\/\/lorempixel.com\/200\/150\/?68331",
        "imdb": "8.1",
        "type": "in",
        "created_at": "2023-09-17 20:56:08",
        "updated_at": "2023-09-17 20:56:08"
    },
    {
        "id": 77,
        "title": "error qui",
        "year": "2001",
        "released": "0000-00-00",
        "runtime": "160",
        "genre": "laudantium",
        "director": "Cordia Marvin",
        "actors": "Jaqueline Farrell, Sonya Schroeder, Yvonne Lueilwitz",
        "country": "Haiti",
        "poster": "http:\/\/lorempixel.com\/200\/150\/?78850",
        "imdb": "7.8",
        "type": "molestias",
        "created_at": "2023-09-17 20:56:08",
        "updated_at": "2023-09-17 20:56:08"
    },
    {
        "id": 78,
        "title": "in ipsam",
        "year": "1990",
        "released": "0000-00-00",
        "runtime": "75",
        "genre": "debitis",
        "director": "Mariano Gulgowski DDS",
        "actors": "Karen Wunsch, Xander Mueller, Antwan Kihn Sr.",
        "country": "Bhutan",
        "poster": "http:\/\/lorempixel.com\/200\/150\/?94606",
        "imdb": "4.6",
        "type": "cupiditate",
        "created_at": "2023-09-17 20:56:08",
        "updated_at": "2023-09-17 20:56:08"
    },
    {
        "id": 79,
        "title": "laudantium quibusdam",
        "year": "1995",
        "released": "0000-00-00",
        "runtime": "264",
        "genre": "et",
        "director": "Mabelle Dickens",
        "actors": "Sasha Koelpin, Mrs. Lonie Ziemann, Elna Blick V",
        "country": "Cameroon",
        "poster": "http:\/\/lorempixel.com\/200\/150\/?52791",
        "imdb": "5.0",
        "type": "est",
        "created_at": "2023-09-17 20:56:08",
        "updated_at": "2023-09-17 20:56:08"
    },
    {
        "id": 80,
        "title": "rerum rerum",
        "year": "2006",
        "released": "0000-00-00",
        "runtime": "126",
        "genre": "hic",
        "director": "Rossie Tillman",
        "actors": "Josefina Farrell, Fernando Schmidt, Felton Hane",
        "country": "Guatemala",
        "poster": "http:\/\/lorempixel.com\/200\/150\/?63579",
        "imdb": "2.3",
        "type": "nulla",
        "created_at": "2023-09-17 20:56:08",
        "updated_at": "2023-09-17 20:56:08"
    },
    {
        "id": 81,
        "title": "necessitatibus accusantium",
        "year": "1975",
        "released": "0000-00-00",
        "runtime": "256",
        "genre": "blanditiis",
        "director": "Ladarius Schulist Jr.",
        "actors": "Harmony Towne, Libby Langworth, Mr. Jess Connelly IV",
        "country": "Togo",
        "poster": "http:\/\/lorempixel.com\/200\/150\/?35216",
        "imdb": "6.1",
        "type": "quo",
        "created_at": "2023-09-17 20:56:08",
        "updated_at": "2023-09-17 20:56:08"
    },
    {
        "id": 82,
        "title": "quisquam quisquam",
        "year": "1992",
        "released": "0000-00-00",
        "runtime": "106",
        "genre": "perspiciatis",
        "director": "Willis Bradtke",
        "actors": "Ms. Maci Spinka, Preston Emmerich, Trevion Hessel",
        "country": "Iran",
        "poster": "http:\/\/lorempixel.com\/200\/150\/?51178",
        "imdb": "5.6",
        "type": "alias",
        "created_at": "2023-09-17 20:56:08",
        "updated_at": "2023-09-17 20:56:08"
    },
    {
        "id": 83,
        "title": "quas sint",
        "year": "1993",
        "released": "0000-00-00",
        "runtime": "21",
        "genre": "dolores",
        "director": "Rocky Miller",
        "actors": "Nikita Romaguera V, Prof. Sage Dibbert, Isac Yost",
        "country": "Somalia",
        "poster": "http:\/\/lorempixel.com\/200\/150\/?64575",
        "imdb": "3.1",
        "type": "totam",
        "created_at": "2023-09-17 20:56:08",
        "updated_at": "2023-09-17 20:56:08"
    },
    {
        "id": 84,
        "title": "est saepe",
        "year": "1983",
        "released": "0000-00-00",
        "runtime": "75",
        "genre": "provident",
        "director": "Niko Fahey",
        "actors": "Mrs. Odie Torp, Adele Rohan, Claire Yundt",
        "country": "Singapore",
        "poster": "http:\/\/lorempixel.com\/200\/150\/?99500",
        "imdb": "5.6",
        "type": "aut",
        "created_at": "2023-09-17 20:56:08",
        "updated_at": "2023-09-17 20:56:08"
    },
    {
        "id": 85,
        "title": "non ut",
        "year": "2020",
        "released": "0000-00-00",
        "runtime": "1",
        "genre": "sed",
        "director": "Gladys Hackett PhD",
        "actors": "Prof. Julian Marquardt I, Eino Ebert, Emely Ankunding",
        "country": "Jersey",
        "poster": "http:\/\/lorempixel.com\/200\/150\/?88795",
        "imdb": "5.3",
        "type": "nemo",
        "created_at": "2023-09-17 20:56:08",
        "updated_at": "2023-09-17 20:56:08"
    },
    {
        "id": 86,
        "title": "tenetur delectus",
        "year": "2005",
        "released": "0000-00-00",
        "runtime": "163",
        "genre": "autem",
        "director": "Aletha Bradtke IV",
        "actors": "Marilou Kris, Ms. Clementina Dietrich MD, Leland Johnston",
        "country": "Pitcairn Islands",
        "poster": "http:\/\/lorempixel.com\/200\/150\/?84327",
        "imdb": "2.9",
        "type": "distinctio",
        "created_at": "2023-09-17 20:56:08",
        "updated_at": "2023-09-17 20:56:08"
    },
    {
        "id": 87,
        "title": "est exercitationem",
        "year": "1982",
        "released": "0000-00-00",
        "runtime": "122",
        "genre": "sed",
        "director": "Josiane Koch",
        "actors": "Mrs. Pasquale Bergstrom, Donnell Pagac, Cleora Haag",
        "country": "Tokelau",
        "poster": "http:\/\/lorempixel.com\/200\/150\/?62934",
        "imdb": "3.7",
        "type": "voluptas",
        "created_at": "2023-09-17 20:56:08",
        "updated_at": "2023-09-17 20:56:08"
    },
    {
        "id": 88,
        "title": "architecto veritatis",
        "year": "1970",
        "released": "0000-00-00",
        "runtime": "104",
        "genre": "neque",
        "director": "Hailey Kozey",
        "actors": "Alvis Schiller, Ford O'Keefe II, Rylan Kling",
        "country": "Vanuatu",
        "poster": "http:\/\/lorempixel.com\/200\/150\/?93174",
        "imdb": "1.5",
        "type": "nisi",
        "created_at": "2023-09-17 20:56:08",
        "updated_at": "2023-09-17 20:56:08"
    },
    {
        "id": 89,
        "title": "id officiis",
        "year": "1995",
        "released": "0000-00-00",
        "runtime": "221",
        "genre": "consequatur",
        "director": "Hope Reilly II",
        "actors": "Lexi Jacobi, Alexis Ratke IV, Mackenzie Hahn",
        "country": "Mexico",
        "poster": "http:\/\/lorempixel.com\/200\/150\/?88384",
        "imdb": "5.6",
        "type": "quam",
        "created_at": "2023-09-17 20:56:08",
        "updated_at": "2023-09-17 20:56:08"
    },
    {
        "id": 90,
        "title": "perferendis iusto",
        "year": "2014",
        "released": "0000-00-00",
        "runtime": "145",
        "genre": "quasi",
        "director": "Viviane Howe",
        "actors": "Yasmeen Blanda Jr., Kristina Farrell, Sally Koelpin",
        "country": "Hungary",
        "poster": "http:\/\/lorempixel.com\/200\/150\/?86388",
        "imdb": "4.4",
        "type": "officia",
        "created_at": "2023-09-17 20:56:08",
        "updated_at": "2023-09-17 20:56:08"
    },
    {
        "id": 91,
        "title": "perspiciatis eos",
        "year": "1972",
        "released": "0000-00-00",
        "runtime": "19",
        "genre": "distinctio",
        "director": "Amina Ziemann",
        "actors": "Desiree Johnson, Amanda Boyer, Tracey Wisozk",
        "country": "Georgia",
        "poster": "http:\/\/lorempixel.com\/200\/150\/?36129",
        "imdb": "8.1",
        "type": "nihil",
        "created_at": "2023-09-17 20:56:08",
        "updated_at": "2023-09-17 20:56:08"
    },
    {
        "id": 92,
        "title": "omnis qui",
        "year": "1977",
        "released": "0000-00-00",
        "runtime": "155",
        "genre": "omnis",
        "director": "Dr. Stephany Haag V",
        "actors": "Eleanora Torphy, Dr. Chadd Kirlin, Morton Berge",
        "country": "Bolivia",
        "poster": "http:\/\/lorempixel.com\/200\/150\/?47222",
        "imdb": "3.9",
        "type": "et",
        "created_at": "2023-09-17 20:56:08",
        "updated_at": "2023-09-17 20:56:08"
    },
    {
        "id": 93,
        "title": "commodi cumque",
        "year": "2007",
        "released": "0000-00-00",
        "runtime": "75",
        "genre": "saepe",
        "director": "Prof. Leland McDermott DVM",
        "actors": "Lorenza Kuphal, Miss Marlee Bednar, Ms. Demetris Murray",
        "country": "Tajikistan",
        "poster": "http:\/\/lorempixel.com\/200\/150\/?95515",
        "imdb": "2.9",
        "type": "debitis",
        "created_at": "2023-09-17 20:56:08",
        "updated_at": "2023-09-17 20:56:08"
    },
    {
        "id": 94,
        "title": "impedit provident",
        "year": "1998",
        "released": "0000-00-00",
        "runtime": "203",
        "genre": "vel",
        "director": "Nestor Nader",
        "actors": "Jocelyn Cartwright V, Mr. Lesley Ondricka III, Chester Collier",
        "country": "Burundi",
        "poster": "http:\/\/lorempixel.com\/200\/150\/?57779",
        "imdb": "6.3",
        "type": "iure",
        "created_at": "2023-09-17 20:56:08",
        "updated_at": "2023-09-17 20:56:08"
    },
    {
        "id": 95,
        "title": "molestiae quisquam",
        "year": "2003",
        "released": "0000-00-00",
        "runtime": "115",
        "genre": "libero",
        "director": "Trisha Larkin",
        "actors": "Harley Hirthe PhD, Araceli Mitchell, Domenico Kerluke",
        "country": "Uganda",
        "poster": "http:\/\/lorempixel.com\/200\/150\/?84808",
        "imdb": "7.4",
        "type": "magnam",
        "created_at": "2023-09-17 20:56:08",
        "updated_at": "2023-09-17 20:56:08"
    },
    {
        "id": 96,
        "title": "facere nisi",
        "year": "1981",
        "released": "0000-00-00",
        "runtime": "153",
        "genre": "nostrum",
        "director": "Columbus Carroll",
        "actors": "Roscoe Gottlieb III, Gisselle Ernser, Miss Avis Parisian",
        "country": "Kenya",
        "poster": "http:\/\/lorempixel.com\/200\/150\/?96583",
        "imdb": "6.2",
        "type": "ut",
        "created_at": "2023-09-17 20:56:08",
        "updated_at": "2023-09-17 20:56:08"
    },
    {
        "id": 97,
        "title": "dolorem aliquam",
        "year": "1993",
        "released": "0000-00-00",
        "runtime": "173",
        "genre": "debitis",
        "director": "Mr. Marty Heidenreich",
        "actors": "Mr. Rocky Hartmann PhD, Ms. Marjolaine Hoeger, Antonio Rempel I",
        "country": "Egypt",
        "poster": "http:\/\/lorempixel.com\/200\/150\/?64939",
        "imdb": "7.7",
        "type": "omnis",
        "created_at": "2023-09-17 20:56:08",
        "updated_at": "2023-09-17 20:56:08"
    },
    {
        "id": 98,
        "title": "fugit modi",
        "year": "1970",
        "released": "0000-00-00",
        "runtime": "199",
        "genre": "eos",
        "director": "Wilson Glover",
        "actors": "Mitchel Rath III, Jarrod McKenzie, Sheldon Ritchie",
        "country": "San Marino",
        "poster": "http:\/\/lorempixel.com\/200\/150\/?49023",
        "imdb": "9.1",
        "type": "iusto",
        "created_at": "2023-09-17 20:56:08",
        "updated_at": "2023-09-17 20:56:08"
    },
    {
        "id": 99,
        "title": "consequatur qui",
        "year": "1976",
        "released": "0000-00-00",
        "runtime": "6",
        "genre": "corrupti",
        "director": "Ben Bauch",
        "actors": "Dr. Jake Hegmann Jr., Dr. Adan Barton PhD, Leda Wilderman",
        "country": "Czech Republic",
        "poster": "http:\/\/lorempixel.com\/200\/150\/?89898",
        "imdb": "3.6",
        "type": "eos",
        "created_at": "2023-09-17 20:56:08",
        "updated_at": "2023-09-17 20:56:08"
    },
    {
        "id": 100,
        "title": "aliquam cupiditate",
        "year": "2009",
        "released": "0000-00-00",
        "runtime": "173",
        "genre": "omnis",
        "director": "Prof. Percival Haag",
        "actors": "Miss Shanny Bergnaum, Dr. Esmeralda McClure, Leonard Langosh",
        "country": "French Guiana",
        "poster": "http:\/\/lorempixel.com\/200\/150\/?20929",
        "imdb": "5.3",
        "type": "tempora",
        "created_at": "2023-09-17 20:56:08",
        "updated_at": "2023-09-17 20:56:08"
    },
    {
        "id": 101,
        "title": "ipsa est",
        "year": "2021",
        "released": "0000-00-00",
        "runtime": "184",
        "genre": "sed",
        "director": "Karelle Baumbach",
        "actors": "Taurean Keeling, Pattie McGlynn, Dameon Pagac",
        "country": "Botswana",
        "poster": "http:\/\/lorempixel.com\/200\/150\/?11711",
        "imdb": "2.0",
        "type": "sit",
        "created_at": "2023-09-17 20:56:08",
        "updated_at": "2023-09-17 20:56:08"
    },
    {
        "id": 102,
        "title": "ducimus quas",
        "year": "2007",
        "released": "0000-00-00",
        "runtime": "190",
        "genre": "accusamus",
        "director": "Isabel Botsford",
        "actors": "Myriam Hand, Lauriane Gerlach, Brown Reilly Sr.",
        "country": "Suriname",
        "poster": "http:\/\/lorempixel.com\/200\/150\/?45500",
        "imdb": "7.5",
        "type": "omnis",
        "created_at": "2023-09-17 20:56:08",
        "updated_at": "2023-09-17 20:56:08"
    },
    {
        "id": 103,
        "title": "maxime voluptatum",
        "year": "2010",
        "released": "0000-00-00",
        "runtime": "266",
        "genre": "quidem",
        "director": "Bradford Waters",
        "actors": "Dagmar Jones II, Gustave Swift, Rhea Ernser",
        "country": "Bahrain",
        "poster": "http:\/\/lorempixel.com\/200\/150\/?90491",
        "imdb": "2.0",
        "type": "nemo",
        "created_at": "2023-09-17 20:56:08",
        "updated_at": "2023-09-17 20:56:08"
    },
    {
        "id": 104,
        "title": "atque maiores",
        "year": "2017",
        "released": "0000-00-00",
        "runtime": "245",
        "genre": "mollitia",
        "director": "Darrell Hammes DVM",
        "actors": "Dr. Estella Morissette PhD, Kristian Fay, Miss Alexandrine Prosacco",
        "country": "Honduras",
        "poster": "http:\/\/lorempixel.com\/200\/150\/?95858",
        "imdb": "6.0",
        "type": "quis",
        "created_at": "2023-09-17 20:56:08",
        "updated_at": "2023-09-17 20:56:08"
    },
    {
        "id": 105,
        "title": "aut ullam",
        "year": "1975",
        "released": "0000-00-00",
        "runtime": "23",
        "genre": "autem",
        "director": "Rickie Rutherford DDS",
        "actors": "Prof. Noelia Wuckert, Dr. Rosie Corwin, Ashlee Langosh",
        "country": "Montserrat",
        "poster": "http:\/\/lorempixel.com\/200\/150\/?56503",
        "imdb": "7.5",
        "type": "dolor",
        "created_at": "2023-09-17 20:56:08",
        "updated_at": "2023-09-17 20:56:08"
    },
    {
        "id": 106,
        "title": "repellat error",
        "year": "2021",
        "released": "0000-00-00",
        "runtime": "136",
        "genre": "voluptatem",
        "director": "Alyce Grimes",
        "actors": "Dr. Kobe Schneider, Dr. Olin Gibson PhD, Mr. Eladio Waelchi Sr.",
        "country": "Saint Lucia",
        "poster": "http:\/\/lorempixel.com\/200\/150\/?81880",
        "imdb": "4.0",
        "type": "dolorum",
        "created_at": "2023-09-17 20:56:08",
        "updated_at": "2023-09-17 20:56:08"
    },
    {
        "id": 107,
        "title": "saepe maiores",
        "year": "1986",
        "released": "0000-00-00",
        "runtime": "187",
        "genre": "delectus",
        "director": "Shawn Anderson",
        "actors": "Elbert Altenwerth, Ms. Annette Carter Jr., Angelo Roberts",
        "country": "Cyprus",
        "poster": "http:\/\/lorempixel.com\/200\/150\/?27774",
        "imdb": "6.7",
        "type": "maxime",
        "created_at": "2023-09-17 20:56:08",
        "updated_at": "2023-09-17 20:56:08"
    },
    {
        "id": 108,
        "title": "ab possimus",
        "year": "1985",
        "released": "0000-00-00",
        "runtime": "275",
        "genre": "et",
        "director": "Prof. Therese Adams PhD",
        "actors": "Roslyn Lowe, Darius Corwin, Lowell Schneider",
        "country": "Saint Barthelemy",
        "poster": "http:\/\/lorempixel.com\/200\/150\/?48794",
        "imdb": "2.0",
        "type": "in",
        "created_at": "2023-09-17 20:56:08",
        "updated_at": "2023-09-17 20:56:08"
    },
    {
        "id": 109,
        "title": "unde dolorem",
        "year": "2015",
        "released": "0000-00-00",
        "runtime": "28",
        "genre": "explicabo",
        "director": "Mr. Ulices Gibson IV",
        "actors": "Alek Homenick, Lee Hessel V, Oda Rogahn",
        "country": "Georgia",
        "poster": "http:\/\/lorempixel.com\/200\/150\/?21808",
        "imdb": "7.7",
        "type": "fugiat",
        "created_at": "2023-09-17 20:56:08",
        "updated_at": "2023-09-17 20:56:08"
    },
    {
        "id": 110,
        "title": "laudantium aut",
        "year": "2022",
        "released": "0000-00-00",
        "runtime": "150",
        "genre": "et",
        "director": "Abner Stanton Jr.",
        "actors": "Eleazar Wisoky, Raoul Balistreri, Ayden Emard",
        "country": "Palestinian Territory",
        "poster": "http:\/\/lorempixel.com\/200\/150\/?46820",
        "imdb": "9.0",
        "type": "autem",
        "created_at": "2023-09-17 20:56:08",
        "updated_at": "2023-09-17 20:56:08"
    },
    {
        "id": 111,
        "title": "amet magnam",
        "year": "1977",
        "released": "0000-00-00",
        "runtime": "25",
        "genre": "illum",
        "director": "Prof. Aglae Conroy",
        "actors": "Santos Ledner, Shea Schroeder, Lourdes Kihn",
        "country": "Dominica",
        "poster": "http:\/\/lorempixel.com\/200\/150\/?54001",
        "imdb": "9.9",
        "type": "non",
        "created_at": "2023-09-17 20:56:08",
        "updated_at": "2023-09-17 20:56:08"
    },
    {
        "id": 112,
        "title": "architecto cumque",
        "year": "2020",
        "released": "0000-00-00",
        "runtime": "114",
        "genre": "voluptatem",
        "director": "Kayla Volkman",
        "actors": "Prof. Natalia Dietrich, Peyton Wyman, Katarina Kirlin",
        "country": "Singapore",
        "poster": "http:\/\/lorempixel.com\/200\/150\/?59659",
        "imdb": "9.1",
        "type": "qui",
        "created_at": "2023-09-17 20:56:08",
        "updated_at": "2023-09-17 20:56:08"
    },
    {
        "id": 113,
        "title": "qui ea",
        "year": "1995",
        "released": "0000-00-00",
        "runtime": "116",
        "genre": "libero",
        "director": "Ms. Sandra Hayes",
        "actors": "Rosemarie Treutel Sr., Theresa Predovic Sr., Prof. Caroline Klocko I",
        "country": "Northern Mariana Islands",
        "poster": "http:\/\/lorempixel.com\/200\/150\/?47682",
        "imdb": "3.7",
        "type": "tempora",
        "created_at": "2023-09-17 20:56:08",
        "updated_at": "2023-09-17 20:56:08"
    },
    {
        "id": 114,
        "title": "atque itaque",
        "year": "1975",
        "released": "0000-00-00",
        "runtime": "283",
        "genre": "fuga",
        "director": "Rosemarie Connelly",
        "actors": "Afton Kris, Miss Amalia Jaskolski, Dr. Willard Jenkins DDS",
        "country": "Tajikistan",
        "poster": "http:\/\/lorempixel.com\/200\/150\/?75151",
        "imdb": "7.0",
        "type": "omnis",
        "created_at": "2023-09-17 20:56:08",
        "updated_at": "2023-09-17 20:56:08"
    },
    {
        "id": 115,
        "title": "cupiditate quidem",
        "year": "2005",
        "released": "0000-00-00",
        "runtime": "56",
        "genre": "aut",
        "director": "Brook Cassin Jr.",
        "actors": "Zelda Schuster III, Robbie Gutmann I, Dr. Tyrese Oberbrunner",
        "country": "Liberia",
        "poster": "http:\/\/lorempixel.com\/200\/150\/?11004",
        "imdb": "8.9",
        "type": "odit",
        "created_at": "2023-09-17 20:56:08",
        "updated_at": "2023-09-17 20:56:08"
    },
    {
        "id": 116,
        "title": "qui omnis",
        "year": "2011",
        "released": "0000-00-00",
        "runtime": "183",
        "genre": "explicabo",
        "director": "Kiera Stehr",
        "actors": "Sophie Ledner, Britney Turcotte, Jazmin Padberg",
        "country": "Guyana",
        "poster": "http:\/\/lorempixel.com\/200\/150\/?62298",
        "imdb": "2.5",
        "type": "et",
        "created_at": "2023-09-17 20:56:08",
        "updated_at": "2023-09-17 20:56:08"
    },
    {
        "id": 117,
        "title": "qui praesentium",
        "year": "1991",
        "released": "0000-00-00",
        "runtime": "248",
        "genre": "sit",
        "director": "Barney Schulist",
        "actors": "Pat Brown II, Kole Kub, Oda Bergstrom",
        "country": "Russian Federation",
        "poster": "http:\/\/lorempixel.com\/200\/150\/?33558",
        "imdb": "9.5",
        "type": "cumque",
        "created_at": "2023-09-17 20:56:08",
        "updated_at": "2023-09-17 20:56:08"
    },
    {
        "id": 118,
        "title": "molestiae et",
        "year": "1990",
        "released": "0000-00-00",
        "runtime": "98",
        "genre": "sed",
        "director": "Dr. Vicky Fay Jr.",
        "actors": "Guido Quigley, Mrs. Roxane Morissette DVM, Mr. Llewellyn Johnson",
        "country": "Barbados",
        "poster": "http:\/\/lorempixel.com\/200\/150\/?46549",
        "imdb": "2.4",
        "type": "magnam",
        "created_at": "2023-09-17 20:56:08",
        "updated_at": "2023-09-17 20:56:08"
    },
    {
        "id": 119,
        "title": "non in",
        "year": "1998",
        "released": "0000-00-00",
        "runtime": "78",
        "genre": "laudantium",
        "director": "Quentin O'Reilly",
        "actors": "Elisa Howe, Rowan McCullough, Jeffery Gislason",
        "country": "Iceland",
        "poster": "http:\/\/lorempixel.com\/200\/150\/?23341",
        "imdb": "2.6",
        "type": "culpa",
        "created_at": "2023-09-17 20:56:08",
        "updated_at": "2023-09-17 20:56:08"
    },
    {
        "id": 120,
        "title": "est nostrum",
        "year": "2014",
        "released": "0000-00-00",
        "runtime": "268",
        "genre": "laborum",
        "director": "Eino Hartmann",
        "actors": "Liana Marvin, Delphine Fahey, Kayleigh Mohr Jr.",
        "country": "Denmark",
        "poster": "http:\/\/lorempixel.com\/200\/150\/?48894",
        "imdb": "5.4",
        "type": "quaerat",
        "created_at": "2023-09-17 20:56:08",
        "updated_at": "2023-09-17 20:56:08"
    },
    {
        "id": 121,
        "title": "pariatur voluptatem",
        "year": "2010",
        "released": "0000-00-00",
        "runtime": "176",
        "genre": "eum",
        "director": "Clifford Reichert",
        "actors": "Katrine Hauck, Carson Nolan, Ms. Rozella Orn",
        "country": "Papua New Guinea",
        "poster": "http:\/\/lorempixel.com\/200\/150\/?96762",
        "imdb": "8.9",
        "type": "laudantium",
        "created_at": "2023-09-17 20:56:08",
        "updated_at": "2023-09-17 20:56:08"
    },
    {
        "id": 122,
        "title": "occaecati maxime",
        "year": "1992",
        "released": "0000-00-00",
        "runtime": "100",
        "genre": "incidunt",
        "director": "Tremayne Morar",
        "actors": "Dudley Nitzsche, Dewitt Kerluke, Tyra Funk",
        "country": "Greece",
        "poster": "http:\/\/lorempixel.com\/200\/150\/?89913",
        "imdb": "1.4",
        "type": "ad",
        "created_at": "2023-09-17 20:56:08",
        "updated_at": "2023-09-17 20:56:08"
    },
    {
        "id": 123,
        "title": "delectus est",
        "year": "1997",
        "released": "0000-00-00",
        "runtime": "146",
        "genre": "sed",
        "director": "Harmon Monahan",
        "actors": "Prof. Jabari Nitzsche II, Dr. Simeon Mohr, Molly Jakubowski Jr.",
        "country": "Chad",
        "poster": "http:\/\/lorempixel.com\/200\/150\/?50001",
        "imdb": "9.0",
        "type": "voluptates",
        "created_at": "2023-09-17 20:56:08",
        "updated_at": "2023-09-17 20:56:08"
    },
    {
        "id": 124,
        "title": "aut iste",
        "year": "2008",
        "released": "0000-00-00",
        "runtime": "109",
        "genre": "rerum",
        "director": "Deshaun Bosco",
        "actors": "Prof. Rusty Crona, Nyasia Ward III, Prudence Spencer",
        "country": "Western Sahara",
        "poster": "http:\/\/lorempixel.com\/200\/150\/?29941",
        "imdb": "6.7",
        "type": "assumenda",
        "created_at": "2023-09-17 20:56:08",
        "updated_at": "2023-09-17 20:56:08"
    },
    {
        "id": 125,
        "title": "quia nostrum",
        "year": "1994",
        "released": "0000-00-00",
        "runtime": "82",
        "genre": "molestias",
        "director": "Scarlett Wuckert I",
        "actors": "Jayden Armstrong III, Verona Romaguera V, Armani Stark I",
        "country": "Denmark",
        "poster": "http:\/\/lorempixel.com\/200\/150\/?65650",
        "imdb": "6.9",
        "type": "pariatur",
        "created_at": "2023-09-17 20:56:08",
        "updated_at": "2023-09-17 20:56:08"
    },
    {
        "id": 126,
        "title": "quasi corrupti",
        "year": "2020",
        "released": "0000-00-00",
        "runtime": "134",
        "genre": "dolorem",
        "director": "Lenora Waelchi",
        "actors": "Raphael Stamm MD, Prof. Catalina Heller IV, Giuseppe Runte",
        "country": "Bahrain",
        "poster": "http:\/\/lorempixel.com\/200\/150\/?38159",
        "imdb": "6.6",
        "type": "fuga",
        "created_at": "2023-09-17 20:56:08",
        "updated_at": "2023-09-17 20:56:08"
    },
    {
        "id": 127,
        "title": "consequatur ipsa",
        "year": "2009",
        "released": "0000-00-00",
        "runtime": "85",
        "genre": "quia",
        "director": "Mrs. Jackie Sauer DDS",
        "actors": "Kasey Johnson, Elyssa Wunsch, Beau Tromp",
        "country": "Burkina Faso",
        "poster": "http:\/\/lorempixel.com\/200\/150\/?30287",
        "imdb": "2.4",
        "type": "eligendi",
        "created_at": "2023-09-17 20:56:08",
        "updated_at": "2023-09-17 20:56:08"
    },
    {
        "id": 128,
        "title": "dolores nihil",
        "year": "1983",
        "released": "0000-00-00",
        "runtime": "28",
        "genre": "neque",
        "director": "Gerda Raynor DDS",
        "actors": "Maxie Lowe II, Murray O'Hara, Ryder Corwin",
        "country": "Jamaica",
        "poster": "http:\/\/lorempixel.com\/200\/150\/?72964",
        "imdb": "4.8",
        "type": "et",
        "created_at": "2023-09-17 20:56:08",
        "updated_at": "2023-09-17 20:56:08"
    },
    {
        "id": 129,
        "title": "fugit sequi",
        "year": "1976",
        "released": "0000-00-00",
        "runtime": "11",
        "genre": "consequatur",
        "director": "Prof. Jarrod Kris",
        "actors": "Paolo Leffler, Gerardo Mraz DDS, Mona Graham",
        "country": "Kiribati",
        "poster": "http:\/\/lorempixel.com\/200\/150\/?17546",
        "imdb": "8.4",
        "type": "ut",
        "created_at": "2023-09-17 20:56:08",
        "updated_at": "2023-09-17 20:56:08"
    },
    {
        "id": 130,
        "title": "cum quod",
        "year": "1975",
        "released": "0000-00-00",
        "runtime": "214",
        "genre": "cum",
        "director": "Sylvan Bradtke",
        "actors": "Mrs. Vena Schmeler, Raheem Brown, Ryann Goyette DVM",
        "country": "Pitcairn Islands",
        "poster": "http:\/\/lorempixel.com\/200\/150\/?79527",
        "imdb": "4.0",
        "type": "aliquam",
        "created_at": "2023-09-17 20:56:08",
        "updated_at": "2023-09-17 20:56:08"
    },
    {
        "id": 131,
        "title": "quia pariatur",
        "year": "1975",
        "released": "0000-00-00",
        "runtime": "179",
        "genre": "blanditiis",
        "director": "Prof. Kristian Rodriguez I",
        "actors": "Greta Braun, Fiona Walsh, Gerardo Botsford I",
        "country": "Malta",
        "poster": "http:\/\/lorempixel.com\/200\/150\/?70325",
        "imdb": "5.7",
        "type": "tenetur",
        "created_at": "2023-09-17 20:56:08",
        "updated_at": "2023-09-17 20:56:08"
    },
    {
        "id": 132,
        "title": "consequuntur nemo",
        "year": "2005",
        "released": "0000-00-00",
        "runtime": "38",
        "genre": "veritatis",
        "director": "Rick O'Connell",
        "actors": "Jimmy Bechtelar, Cindy Walsh, Ms. Alda Carroll I",
        "country": "Malta",
        "poster": "http:\/\/lorempixel.com\/200\/150\/?43606",
        "imdb": "5.2",
        "type": "omnis",
        "created_at": "2023-09-17 20:56:08",
        "updated_at": "2023-09-17 20:56:08"
    },
    {
        "id": 133,
        "title": "ea perspiciatis",
        "year": "2000",
        "released": "0000-00-00",
        "runtime": "9",
        "genre": "vel",
        "director": "Wellington Powlowski I",
        "actors": "Ashlynn Mertz, Dr. Marjorie Harris, Gardner Wolff",
        "country": "Cote d'Ivoire",
        "poster": "http:\/\/lorempixel.com\/200\/150\/?68273",
        "imdb": "4.6",
        "type": "nihil",
        "created_at": "2023-09-17 20:56:08",
        "updated_at": "2023-09-17 20:56:08"
    },
    {
        "id": 134,
        "title": "eos aliquid",
        "year": "1977",
        "released": "0000-00-00",
        "runtime": "285",
        "genre": "sed",
        "director": "Myrtle Gusikowski",
        "actors": "Vivianne Ryan, Lorine Kiehn, Okey Hauck",
        "country": "Syrian Arab Republic",
        "poster": "http:\/\/lorempixel.com\/200\/150\/?83070",
        "imdb": "1.5",
        "type": "id",
        "created_at": "2023-09-17 20:56:08",
        "updated_at": "2023-09-17 20:56:08"
    },
    {
        "id": 135,
        "title": "molestias soluta",
        "year": "1976",
        "released": "0000-00-00",
        "runtime": "250",
        "genre": "iure",
        "director": "Ms. Daphney Rosenbaum DVM",
        "actors": "Miss Bettie Stiedemann, Dr. Tania D'Amore MD, Mrs. Magnolia Nader",
        "country": "Christmas Island",
        "poster": "http:\/\/lorempixel.com\/200\/150\/?48234",
        "imdb": "7.3",
        "type": "qui",
        "created_at": "2023-09-17 20:56:08",
        "updated_at": "2023-09-17 20:56:08"
    },
    {
        "id": 136,
        "title": "in quidem",
        "year": "1984",
        "released": "0000-00-00",
        "runtime": "67",
        "genre": "iste",
        "director": "Sydni Frami IV",
        "actors": "Cecelia Haag, Tomas Nader, Chasity Kris",
        "country": "Singapore",
        "poster": "http:\/\/lorempixel.com\/200\/150\/?84881",
        "imdb": "7.0",
        "type": "sed",
        "created_at": "2023-09-17 20:56:08",
        "updated_at": "2023-09-17 20:56:08"
    },
    {
        "id": 137,
        "title": "sint dolores",
        "year": "2010",
        "released": "0000-00-00",
        "runtime": "60",
        "genre": "quod",
        "director": "Israel Gaylord",
        "actors": "Salvatore Bergstrom, General Olson, Niko Gibson",
        "country": "El Salvador",
        "poster": "http:\/\/lorempixel.com\/200\/150\/?77827",
        "imdb": "3.1",
        "type": "ipsam",
        "created_at": "2023-09-17 20:56:08",
        "updated_at": "2023-09-17 20:56:08"
    },
    {
        "id": 138,
        "title": "aut tempora",
        "year": "1980",
        "released": "0000-00-00",
        "runtime": "175",
        "genre": "consectetur",
        "director": "Samir Hickle",
        "actors": "Prof. Karelle Boyle, Charlotte Weber, Prof. Dillan Kris DDS",
        "country": "Hong Kong",
        "poster": "http:\/\/lorempixel.com\/200\/150\/?15852",
        "imdb": "4.6",
        "type": "quos",
        "created_at": "2023-09-17 20:56:08",
        "updated_at": "2023-09-17 20:56:08"
    },
    {
        "id": 139,
        "title": "vero doloribus",
        "year": "2015",
        "released": "0000-00-00",
        "runtime": "18",
        "genre": "neque",
        "director": "Germaine Champlin",
        "actors": "Prof. Devan Labadie, Cicero Robel, Raquel Funk",
        "country": "Slovakia (Slovak Republic)",
        "poster": "http:\/\/lorempixel.com\/200\/150\/?68521",
        "imdb": "2.2",
        "type": "provident",
        "created_at": "2023-09-17 20:56:09",
        "updated_at": "2023-09-17 20:56:09"
    },
    {
        "id": 140,
        "title": "at consequatur",
        "year": "2010",
        "released": "0000-00-00",
        "runtime": "138",
        "genre": "quibusdam",
        "director": "Grace Reichert",
        "actors": "Lambert Christiansen, Mrs. Ethyl McCullough IV, Miss Shannon Langosh DDS",
        "country": "Finland",
        "poster": "http:\/\/lorempixel.com\/200\/150\/?50252",
        "imdb": "9.6",
        "type": "beatae",
        "created_at": "2023-09-17 20:56:09",
        "updated_at": "2023-09-17 20:56:09"
    },
    {
        "id": 141,
        "title": "dolorum eos",
        "year": "2004",
        "released": "0000-00-00",
        "runtime": "104",
        "genre": "minima",
        "director": "Dr. Hannah Wyman Jr.",
        "actors": "Hilma Bernier, Charles Grady, Wendell Raynor",
        "country": "Uganda",
        "poster": "http:\/\/lorempixel.com\/200\/150\/?98880",
        "imdb": "1.8",
        "type": "quam",
        "created_at": "2023-09-17 20:56:09",
        "updated_at": "2023-09-17 20:56:09"
    },
    {
        "id": 142,
        "title": "quia necessitatibus",
        "year": "2014",
        "released": "0000-00-00",
        "runtime": "118",
        "genre": "mollitia",
        "director": "Prof. Karley Gislason",
        "actors": "Bradly Heaney DDS, Mr. Edwin Hintz Sr., Zora Senger",
        "country": "Malawi",
        "poster": "http:\/\/lorempixel.com\/200\/150\/?76873",
        "imdb": "6.6",
        "type": "deleniti",
        "created_at": "2023-09-17 20:56:09",
        "updated_at": "2023-09-17 20:56:09"
    },
    {
        "id": 143,
        "title": "id autem",
        "year": "1987",
        "released": "0000-00-00",
        "runtime": "52",
        "genre": "et",
        "director": "Prof. Garland Pfeffer",
        "actors": "Dr. Ethan Crona, Prof. Mozell Cronin, Dr. Demetris Morissette Jr.",
        "country": "Fiji",
        "poster": "http:\/\/lorempixel.com\/200\/150\/?46397",
        "imdb": "3.5",
        "type": "voluptatem",
        "created_at": "2023-09-17 20:56:09",
        "updated_at": "2023-09-17 20:56:09"
    },
    {
        "id": 144,
        "title": "culpa ut",
        "year": "2005",
        "released": "0000-00-00",
        "runtime": "185",
        "genre": "at",
        "director": "Marquis Larson",
        "actors": "Dr. Minnie Konopelski IV, Cicero Mann, Makenna Beahan",
        "country": "Palestinian Territory",
        "poster": "http:\/\/lorempixel.com\/200\/150\/?88376",
        "imdb": "3.8",
        "type": "ea",
        "created_at": "2023-09-17 20:56:09",
        "updated_at": "2023-09-17 20:56:09"
    },
    {
        "id": 145,
        "title": "qui suscipit",
        "year": "1984",
        "released": "0000-00-00",
        "runtime": "236",
        "genre": "sit",
        "director": "Ayden Daniel DVM",
        "actors": "Dr. Foster Hermiston, Dustin Barrows, Mr. Jaime Keebler II",
        "country": "Netherlands Antilles",
        "poster": "http:\/\/lorempixel.com\/200\/150\/?59213",
        "imdb": "5.8",
        "type": "quia",
        "created_at": "2023-09-17 20:56:09",
        "updated_at": "2023-09-17 20:56:09"
    },
    {
        "id": 146,
        "title": "voluptatibus non",
        "year": "1985",
        "released": "0000-00-00",
        "runtime": "143",
        "genre": "neque",
        "director": "Miss Veronica Jacobs",
        "actors": "Miss Delta Botsford, Mrs. Alanna Kunde, Evan Wolf MD",
        "country": "Gabon",
        "poster": "http:\/\/lorempixel.com\/200\/150\/?92881",
        "imdb": "4.0",
        "type": "iste",
        "created_at": "2023-09-17 20:56:09",
        "updated_at": "2023-09-17 20:56:09"
    },
    {
        "id": 147,
        "title": "consectetur ea",
        "year": "1972",
        "released": "0000-00-00",
        "runtime": "220",
        "genre": "delectus",
        "director": "Mrs. Clarabelle Pagac IV",
        "actors": "Dr. Dayana Schowalter, Dr. Pamela Heidenreich Jr., Talon Roberts",
        "country": "Greenland",
        "poster": "http:\/\/lorempixel.com\/200\/150\/?36131",
        "imdb": "1.3",
        "type": "at",
        "created_at": "2023-09-17 20:56:09",
        "updated_at": "2023-09-17 20:56:09"
    },
    {
        "id": 148,
        "title": "quibusdam maiores",
        "year": "2005",
        "released": "0000-00-00",
        "runtime": "18",
        "genre": "in",
        "director": "Ashleigh Altenwerth",
        "actors": "Sunny Green DDS, Octavia Ondricka PhD, Mafalda Torphy I",
        "country": "Philippines",
        "poster": "http:\/\/lorempixel.com\/200\/150\/?77836",
        "imdb": "8.9",
        "type": "fugit",
        "created_at": "2023-09-17 20:56:09",
        "updated_at": "2023-09-17 20:56:09"
    },
    {
        "id": 149,
        "title": "quisquam dolore",
        "year": "2014",
        "released": "0000-00-00",
        "runtime": "121",
        "genre": "natus",
        "director": "Prof. Wilton Kuhn",
        "actors": "Norris Cronin, Dr. Mae Bartell Sr., Toby Morar",
        "country": "Greece",
        "poster": "http:\/\/lorempixel.com\/200\/150\/?58892",
        "imdb": "5.5",
        "type": "et",
        "created_at": "2023-09-17 20:56:09",
        "updated_at": "2023-09-17 20:56:09"
    },
    {
        "id": 150,
        "title": "reprehenderit sunt",
        "year": "1971",
        "released": "0000-00-00",
        "runtime": "138",
        "genre": "iure",
        "director": "Francesca Quigley Sr.",
        "actors": "Andrew Hessel, Cristian Parker MD, Hudson Heidenreich Jr.",
        "country": "Cambodia",
        "poster": "http:\/\/lorempixel.com\/200\/150\/?62002",
        "imdb": "3.9",
        "type": "totam",
        "created_at": "2023-09-17 20:56:09",
        "updated_at": "2023-09-17 20:56:09"
    },
    {
        "id": 151,
        "title": "aut nisi",
        "year": "1989",
        "released": "0000-00-00",
        "runtime": "9",
        "genre": "et",
        "director": "Prof. Sydney Schmeler I",
        "actors": "Dr. Dayne Bogan II, Ahmed Wiegand Sr., Armand Johnson",
        "country": "Lebanon",
        "poster": "http:\/\/lorempixel.com\/200\/150\/?87352",
        "imdb": "2.2",
        "type": "laudantium",
        "created_at": "2023-09-17 20:56:09",
        "updated_at": "2023-09-17 20:56:09"
    },
    {
        "id": 158,
        "title": "Lion Tribe",
        "year": "2023",
        "released": "0000-00-00",
        "runtime": "2",
        "genre": "comedy",
        "director": "Apple",
        "actors": "Apple, Daniel, Genie",
        "country": "Nigeria",
        "poster": "Nil",
        "imdb": "0.0",
        "type": "Nil",
        "created_at": "2023-09-17 22:33:16",
        "updated_at": "2023-09-17 22:33:16"
    },
    {
        "id": 159,
        "title": "Lion Tribe",
        "year": "2023",
        "released": "0000-00-00",
        "runtime": "2",
        "genre": "comedy",
        "director": "Apple",
        "actors": "Apple, Daniel, Genie",
        "country": "Nigeria",
        "poster": "Nil",
        "imdb": "0.0",
        "type": "Nil",
        "created_at": "2023-09-17 22:33:16",
        "updated_at": "2023-09-17 22:33:16"
    },
    {
        "id": 166,
        "title": "Ancient Tribe",
        "year": "2023",
        "released": "0000-00-00",
        "runtime": "2",
        "genre": "comedy",
        "director": "Apple",
        "actors": "Apple, Daniel, Genie",
        "country": "Nigeria",
        "poster": "Nil",
        "imdb": "0.0",
        "type": "Nil",
        "created_at": "2023-09-17 22:41:10",
        "updated_at": "2023-09-17 22:41:10"
    },
    {
        "id": 167,
        "title": "Ancient Tribe",
        "year": "2023",
        "released": "0000-00-00",
        "runtime": "2",
        "genre": "comedy",
        "director": "Apple",
        "actors": "Apple, Daniel, Genie",
        "country": "Nigeria",
        "poster": "Nil",
        "imdb": "0.0",
        "type": "Nil",
        "created_at": "2023-09-17 22:41:10",
        "updated_at": "2023-09-17 22:41:10"
    },
    {
        "id": 168,
        "title": "S Tribe",
        "year": "2023",
        "released": "0000-00-00",
        "runtime": "2",
        "genre": "comedy",
        "director": "Apple",
        "actors": "Apple, Daniel, Genie",
        "country": "Nigeria",
        "poster": "Nil",
        "imdb": "0.0",
        "type": "Nil",
        "created_at": "2023-09-17 22:48:41",
        "updated_at": "2023-09-17 22:48:41"
    },
    {
        "id": 169,
        "title": "S Tribe",
        "year": "2023",
        "released": "0000-00-00",
        "runtime": "2",
        "genre": "comedy",
        "director": "Apple",
        "actors": "Apple, Daniel, Genie",
        "country": "Nigeria",
        "poster": "Nil",
        "imdb": "0.0",
        "type": "Nil",
        "created_at": "2023-09-17 22:48:41",
        "updated_at": "2023-09-17 22:48:41"
    },
    {
        "id": 178,
        "title": "Stud Tribe",
        "year": "2023",
        "released": "0000-00-00",
        "runtime": "2",
        "genre": "comedy",
        "director": "Apple",
        "actors": "Apple, Daniel, Genie",
        "country": "Nigeria",
        "poster": "Nil",
        "imdb": "0.0",
        "type": "Nil",
        "created_at": "2023-09-17 22:57:26",
        "updated_at": "2023-09-17 22:57:26"
    },
    {
        "id": 179,
        "title": "Stud Tribe",
        "year": "2023",
        "released": "0000-00-00",
        "runtime": "2",
        "genre": "comedy",
        "director": "Apple",
        "actors": "Apple, Daniel, Genie",
        "country": "Nigeria",
        "poster": "Nil",
        "imdb": "0.0",
        "type": "Nil",
        "created_at": "2023-09-17 22:57:26",
        "updated_at": "2023-09-17 22:57:26"
    },
    {
        "id": 180,
        "title": "Stud Tribe",
        "year": "2023",
        "released": "0000-00-00",
        "runtime": "2",
        "genre": "comedy",
        "director": "Apple",
        "actors": "Apple, Daniel, Genie",
        "country": "Nigeria",
        "poster": "Nil",
        "imdb": "0.0",
        "type": "Nil",
        "created_at": "2023-09-17 22:58:54",
        "updated_at": "2023-09-17 22:58:54"
    },
    {
        "id": 181,
        "title": "Stud Tribe",
        "year": "2023",
        "released": "0000-00-00",
        "runtime": "2",
        "genre": "comedy",
        "director": "Apple",
        "actors": "Apple, Daniel, Genie",
        "country": "Nigeria",
        "poster": "Nil",
        "imdb": "0.0",
        "type": "Nil",
        "created_at": "2023-09-17 22:58:54",
        "updated_at": "2023-09-17 22:58:54"
    },
    {
        "id": 182,
        "title": "Stud Tribe",
        "year": "2023",
        "released": "0000-00-00",
        "runtime": "2",
        "genre": "comedy",
        "director": "Apple",
        "actors": "Apple, Daniel, Genie",
        "country": "Nigeria",
        "poster": "Nil",
        "imdb": "0.0",
        "type": "Nil",
        "created_at": "2023-09-17 23:12:40",
        "updated_at": "2023-09-17 23:12:40"
    },
    {
        "id": 183,
        "title": "Stud Tribe",
        "year": "2023",
        "released": "0000-00-00",
        "runtime": "2",
        "genre": "comedy",
        "director": "Apple",
        "actors": "Apple, Daniel, Genie",
        "country": "Nigeria",
        "poster": "Nil",
        "imdb": "0.0",
        "type": "Nil",
        "created_at": "2023-09-17 23:12:40",
        "updated_at": "2023-09-17 23:12:40"
    },
    {
        "id": 184,
        "title": "Stud Tribe",
        "year": "2023",
        "released": "0000-00-00",
        "runtime": "2",
        "genre": "comedy",
        "director": "Apple",
        "actors": "Apple, Daniel, Genie",
        "country": "Nigeria",
        "poster": "Nil",
        "imdb": "0.0",
        "type": "Nil",
        "created_at": "2023-09-17 23:13:48",
        "updated_at": "2023-09-17 23:13:48"
    },
    {
        "id": 185,
        "title": "Stud Tribe",
        "year": "2023",
        "released": "0000-00-00",
        "runtime": "2",
        "genre": "comedy",
        "director": "Apple",
        "actors": "Apple, Daniel, Genie",
        "country": "Nigeria",
        "poster": "Nil",
        "imdb": "0.0",
        "type": "Nil",
        "created_at": "2023-09-17 23:13:48",
        "updated_at": "2023-09-17 23:13:48"
    },
    {
        "id": 186,
        "title": "Stud Tribe",
        "year": "2023",
        "released": "0000-00-00",
        "runtime": "2",
        "genre": "comedy",
        "director": "Apple",
        "actors": "Apple, Daniel, Genie",
        "country": "Nigeria",
        "poster": "Nil",
        "imdb": "0.0",
        "type": "Nil",
        "created_at": "2023-09-17 23:16:48",
        "updated_at": "2023-09-17 23:16:48"
    },
    {
        "id": 187,
        "title": "Stud Tribe",
        "year": "2023",
        "released": "0000-00-00",
        "runtime": "2",
        "genre": "comedy",
        "director": "Apple",
        "actors": "Apple, Daniel, Genie",
        "country": "Nigeria",
        "poster": "Nil",
        "imdb": "0.0",
        "type": "Nil",
        "created_at": "2023-09-17 23:16:48",
        "updated_at": "2023-09-17 23:16:48"
    },
    {
        "id": 188,
        "title": "Stud Tribe",
        "year": "2023",
        "released": "0000-00-00",
        "runtime": "2",
        "genre": "comedy",
        "director": "Apple",
        "actors": "Apple, Daniel, Genie",
        "country": "Nigeria",
        "poster": "Nil",
        "imdb": "0.0",
        "type": "Nil",
        "created_at": "2023-09-17 23:22:18",
        "updated_at": "2023-09-17 23:22:18"
    },
    {
        "id": 189,
        "title": "Stud Tribe",
        "year": "2023",
        "released": "0000-00-00",
        "runtime": "2",
        "genre": "comedy",
        "director": "Apple",
        "actors": "Apple, Daniel, Genie",
        "country": "Nigeria",
        "poster": "Nil",
        "imdb": "0.0",
        "type": "Nil",
        "created_at": "2023-09-17 23:22:18",
        "updated_at": "2023-09-17 23:22:18"
    },
    {
        "id": 190,
        "title": "Stud Tribe",
        "year": "2023",
        "released": "0000-00-00",
        "runtime": "2",
        "genre": "comedy",
        "director": "Apple",
        "actors": "Apple, Daniel, Genie",
        "country": "Nigeria",
        "poster": "Nil",
        "imdb": "0.0",
        "type": "Nil",
        "created_at": "2023-09-17 23:24:14",
        "updated_at": "2023-09-17 23:24:14"
    },
    {
        "id": 191,
        "title": "Stud Tribe",
        "year": "2023",
        "released": "0000-00-00",
        "runtime": "2",
        "genre": "comedy",
        "director": "Apple",
        "actors": "Apple, Daniel, Genie",
        "country": "Nigeria",
        "poster": "Nil",
        "imdb": "0.0",
        "type": "Nil",
        "created_at": "2023-09-17 23:24:14",
        "updated_at": "2023-09-17 23:24:14"
    },
    {
        "id": 192,
        "title": "Stud Tribe",
        "year": "2023",
        "released": "0000-00-00",
        "runtime": "2",
        "genre": "comedy",
        "director": "Apple",
        "actors": "Apple, Daniel, Genie",
        "country": "Nigeria",
        "poster": "Nil",
        "imdb": "0.0",
        "type": "Nil",
        "created_at": "2023-09-17 23:24:35",
        "updated_at": "2023-09-17 23:24:35"
    },
    {
        "id": 193,
        "title": "Stud Tribe",
        "year": "2023",
        "released": "0000-00-00",
        "runtime": "2",
        "genre": "comedy",
        "director": "Apple",
        "actors": "Apple, Daniel, Genie",
        "country": "Nigeria",
        "poster": "Nil",
        "imdb": "0.0",
        "type": "Nil",
        "created_at": "2023-09-17 23:24:35",
        "updated_at": "2023-09-17 23:24:35"
    },
    {
        "id": 194,
        "title": "Stud Tribe",
        "year": "2023",
        "released": "0000-00-00",
        "runtime": "2",
        "genre": "comedy",
        "director": "Apple",
        "actors": "Apple, Daniel, Genie",
        "country": "Nigeria",
        "poster": "Nil",
        "imdb": "0.0",
        "type": "Nil",
        "created_at": "2023-09-17 23:25:41",
        "updated_at": "2023-09-17 23:25:41"
    },
    {
        "id": 195,
        "title": "Stud Tribe",
        "year": "2023",
        "released": "0000-00-00",
        "runtime": "2",
        "genre": "comedy",
        "director": "Apple",
        "actors": "Apple, Daniel, Genie",
        "country": "Nigeria",
        "poster": "Nil",
        "imdb": "0.0",
        "type": "Nil",
        "created_at": "2023-09-17 23:25:41",
        "updated_at": "2023-09-17 23:25:41"
    },
    {
        "id": 196,
        "title": "Snake Info",
        "year": "2023",
        "released": "20 Jul 2023",
        "runtime": "2 hours",
        "genre": "comedy",
        "director": "Apple",
        "actors": "Apple, Daniel, Genie",
        "country": "Nigeria",
        "poster": "Nil",
        "imdb": "26.0",
        "type": "Nil",
        "created_at": "2023-09-18 09:53:48",
        "updated_at": "2023-09-18 09:53:48"
    },
    {
        "id": 197,
        "title": "Snake Info",
        "year": "2023",
        "released": "20 Jul 2023",
        "runtime": "2 hours",
        "genre": "comedy",
        "director": "Apple",
        "actors": "Apple, Daniel, Genie",
        "country": "Nigeria",
        "poster": "Nil",
        "imdb": "26.0",
        "type": "Nil",
        "created_at": "2023-09-18 09:53:48",
        "updated_at": "2023-09-18 09:53:48"
    },
    {
        "id": 198,
        "title": "Snake Info",
        "year": "2023",
        "released": "20 Jul 2023",
        "runtime": "2 hours",
        "genre": "comedy",
        "director": "Apple",
        "actors": "Apple, Daniel, Genie",
        "country": "Nigeria",
        "poster": "Nil",
        "imdb": "26.0",
        "type": "Nil",
        "created_at": "2023-09-18 09:56:10",
        "updated_at": "2023-09-18 09:56:10"
    },
    {
        "id": 199,
        "title": "Snake Info",
        "year": "2023",
        "released": "20 Jul 2023",
        "runtime": "2 hours",
        "genre": "comedy",
        "director": "Apple",
        "actors": "Apple, Daniel, Genie",
        "country": "Nigeria",
        "poster": "Nil",
        "imdb": "26.0",
        "type": "Nil",
        "created_at": "2023-09-18 09:56:10",
        "updated_at": "2023-09-18 09:56:10"
    },
    {
        "id": 200,
        "title": "Snake Info",
        "year": "2023",
        "released": "20 Jul 2023",
        "runtime": "2 hours",
        "genre": "comedy",
        "director": "Apple",
        "actors": "Apple, Daniel, Genie",
        "country": "Nigeria",
        "poster": "Nil",
        "imdb": "26.0",
        "type": "Nil",
        "created_at": "2023-09-18 10:06:47",
        "updated_at": "2023-09-18 10:06:47"
    },
    {
        "id": 201,
        "title": "Snake Info",
        "year": "2023",
        "released": "20 Jul 2023",
        "runtime": "2 hours",
        "genre": "comedy",
        "director": "Apple",
        "actors": "Apple, Daniel, Genie",
        "country": "Nigeria",
        "poster": "Nil",
        "imdb": "26.0",
        "type": "Nil",
        "created_at": "2023-09-18 10:06:47",
        "updated_at": "2023-09-18 10:06:47"
    },
    {
        "id": 202,
        "title": "Snake Info",
        "year": "2023",
        "released": "20 Jul 2023",
        "runtime": "2 hours",
        "genre": "comedy",
        "director": "Apple",
        "actors": "Apple, Daniel, Genie",
        "country": "Nigeria",
        "poster": "Nil",
        "imdb": "26.0",
        "type": "Nil",
        "created_at": "2023-09-18 10:10:12",
        "updated_at": "2023-09-18 10:10:12"
    },
    {
        "id": 203,
        "title": "Snake Info",
        "year": "2023",
        "released": "20 Jul 2023",
        "runtime": "2 hours",
        "genre": "comedy",
        "director": "Apple",
        "actors": "Apple, Daniel, Genie",
        "country": "Nigeria",
        "poster": "Nil",
        "imdb": "26.0",
        "type": "Nil",
        "created_at": "2023-09-18 10:10:12",
        "updated_at": "2023-09-18 10:10:12"
    },
    {
        "id": 204,
        "title": "Lion Tribe",
        "year": "2022",
        "released": "10 sept 2023",
        "runtime": null,
        "genre": "Drama",
        "director": "Dorcs",
        "actors": "Apple, Daniel, Genie",
        "country": "Ghana",
        "poster": null,
        "imdb": null,
        "type": null,
        "created_at": "2023-09-18 10:22:44",
        "updated_at": "2023-09-18 10:22:44"
    },
    {
        "id": 205,
        "title": "Lion Tribe",
        "year": "2022",
        "released": "10 sept 2023",
        "runtime": null,
        "genre": "Drama",
        "director": "Dorcs",
        "actors": "Apple, Daniel, Genie",
        "country": "Ghana",
        "poster": null,
        "imdb": null,
        "type": null,
        "created_at": "2023-09-18 10:22:44",
        "updated_at": "2023-09-18 10:22:44"
    },
    {
        "id": 206,
        "title": "Lion Tribe",
        "year": "2022",
        "released": "10 sept 2023",
        "runtime": null,
        "genre": "Drama",
        "director": "Dorcs",
        "actors": "Apple, Daniel, Genie",
        "country": "Ghana",
        "poster": null,
        "imdb": null,
        "type": null,
        "created_at": "2023-09-18 10:45:32",
        "updated_at": "2023-09-18 10:45:32"
    },
    {
        "id": 207,
        "title": "Lion Tribe",
        "year": "2022",
        "released": "10 sept 2023",
        "runtime": null,
        "genre": "Drama",
        "director": "Dorcs",
        "actors": "Apple, Daniel, Genie",
        "country": "Ghana",
        "poster": null,
        "imdb": null,
        "type": null,
        "created_at": "2023-09-18 10:45:32",
        "updated_at": "2023-09-18 10:45:32"
    },
    {
        "id": 208,
        "title": "Lion Tribe",
        "year": "2022",
        "released": "10 sept 2023",
        "runtime": "1 hour",
        "genre": "Drama",
        "director": "Dorcs",
        "actors": "Apple, Daniel, Genie",
        "country": "Ghana",
        "poster": "nil",
        "imdb": "29.0",
        "type": "cinema",
        "created_at": "2023-09-18 11:23:24",
        "updated_at": "2023-09-18 11:23:24"
    },
    {
        "id": 209,
        "title": "Lion Tribe",
        "year": "2022",
        "released": "10 sept 2023",
        "runtime": "1 hour",
        "genre": "Drama",
        "director": "Dorcs",
        "actors": "Apple, Daniel, Genie",
        "country": "Ghana",
        "poster": "nil",
        "imdb": "29.0",
        "type": "cinema",
        "created_at": "2023-09-18 11:23:24",
        "updated_at": "2023-09-18 11:23:24"
    },
    {
        "id": 210,
        "title": "Lion Tribe",
        "year": "2022",
        "released": "10 sept 2023",
        "runtime": "1 hour",
        "genre": "Drama",
        "director": "Dorcs",
        "actors": "Apple, Daniel, Genie",
        "country": "Ghana",
        "poster": "nil",
        "imdb": "29.0",
        "type": "cinema",
        "created_at": "2023-09-18 11:24:04",
        "updated_at": "2023-09-18 11:24:04"
    },
    {
        "id": 211,
        "title": "Lion Tribe",
        "year": "2022",
        "released": "10 sept 2023",
        "runtime": "1 hour",
        "genre": "Drama",
        "director": "Dorcs",
        "actors": "Apple, Daniel, Genie",
        "country": "Ghana",
        "poster": "nil",
        "imdb": "29.0",
        "type": "cinema",
        "created_at": "2023-09-18 11:24:04",
        "updated_at": "2023-09-18 11:24:04"
    },
    {
        "id": 212,
        "title": "Lion Tribe",
        "year": "2022",
        "released": "10 sept 2023",
        "runtime": "1 hour",
        "genre": "Drama",
        "director": "Dorcs",
        "actors": "Apple, Daniel, Genie",
        "country": "Ghana",
        "poster": "nil",
        "imdb": "29.0",
        "type": "cinema",
        "created_at": "2023-09-18 11:24:04",
        "updated_at": "2023-09-18 11:24:04"
    },
    {
        "id": 213,
        "title": "Lion Tribe",
        "year": "2022",
        "released": "10 sept 2023",
        "runtime": "1 hour",
        "genre": "Drama",
        "director": "Dorcs",
        "actors": "Apple, Daniel, Genie",
        "country": "Ghana",
        "poster": "nil",
        "imdb": "29.0",
        "type": "cinema",
        "created_at": "2023-09-18 11:24:04",
        "updated_at": "2023-09-18 11:24:04"
    },
    {
        "id": 214,
        "title": "Lion Tribe",
        "year": "2022",
        "released": "10 sept 2023",
        "runtime": "1 hour",
        "genre": "Drama",
        "director": "Dorcs",
        "actors": "Apple, Daniel, Genie",
        "country": "Ghana",
        "poster": "nil",
        "imdb": "29.0",
        "type": "cinema",
        "created_at": "2023-09-18 11:24:42",
        "updated_at": "2023-09-18 11:24:42"
    },
    {
        "id": 215,
        "title": "Lion Tribe",
        "year": "2022",
        "released": "10 sept 2023",
        "runtime": "1 hour",
        "genre": "Drama",
        "director": "Dorcs",
        "actors": "Apple, Daniel, Genie",
        "country": "Ghana",
        "poster": "nil",
        "imdb": "29.0",
        "type": "cinema",
        "created_at": "2023-09-18 11:24:42",
        "updated_at": "2023-09-18 11:24:42"
    },
    {
        "id": 216,
        "title": "Lion Tribe",
        "year": "2022",
        "released": "10 sept 2023",
        "runtime": "1 hour",
        "genre": "Drama",
        "director": "Dorcs",
        "actors": "Apple, Daniel, Genie",
        "country": "Ghana",
        "poster": "nil",
        "imdb": "29.0",
        "type": "cinema",
        "created_at": "2023-09-18 11:25:22",
        "updated_at": "2023-09-18 11:25:22"
    },
    {
        "id": 217,
        "title": "Lion Tribe",
        "year": "2022",
        "released": "10 sept 2023",
        "runtime": "1 hour",
        "genre": "Drama",
        "director": "Dorcs",
        "actors": "Apple, Daniel, Genie",
        "country": "Ghana",
        "poster": "nil",
        "imdb": "29.0",
        "type": "cinema",
        "created_at": "2023-09-18 11:25:22",
        "updated_at": "2023-09-18 11:25:22"
    }
]


STATUS CODE: 200
HEADERS: {"Content-Type":["application\/json"]}
BODY: {
    "status": 201,
    "message": "Movie added successfully"
}


STATUS CODE: 200
HEADERS: {"Content-Type":["application\/json"]}
BODY: {
    "status": 201,
    "message": "Movie added successfully"
}


STATUS CODE: 200
HEADERS: {"Content-Type":["application\/json"]}
BODY: {
    "status": 201,
    "message": "Movie added successfully"
}


